<?xml version='1.0' encoding='UTF-8'?>
<testsuite hostname="Peter-Van-Dijk---RTM---MBP" name="io.github.peterdijk.wikipediaeditwarmonitor.HelloWorldSpec" tests="2" errors="0" failures="0" skipped="0" time="0.371" timestamp="2026-02-12T21:50:40">
          <properties>
[...]
</properties>
          <testcase classname="io.github.peterdijk.wikipediaeditwarmonitor.HelloWorldSpec" name="HelloWorld returns status code 200" time="0.224">
                      
                    </testcase><testcase classname="io.github.peterdijk.wikipediaeditwarmonitor.HelloWorldSpec" name="HelloWorld returns hello world message" time="0.147">
                      
                    </testcase>
          <system-out><![CDATA[]]></system-out>
          <system-err><![CDATA[]]></system-err>
        </testsuite>